{"timestamp": "2026-01-24T01:43:49.032012", "prompt_preview": "Create a printable black-and-white colouring page for children featuring: COLORING PAGE - PIRATE SCE", "attempt": 1, "success": false, "brightness": 135.2, "retried": false}
{"timestamp": "2026-01-24T01:44:06.234626", "prompt_preview": "Create a printable black-and-white colouring page for children featuring: COLORING PAGE - PIRATE SCE", "attempt": 2, "success": false, "brightness": 138.0, "retried": true}
{"timestamp": "2026-01-24T01:44:18.736447", "prompt_preview": "Create a printable black-and-white colouring page for children featuring: COLORING PAGE - PIRATE SCE", "attempt": 3, "success": true, "brightness": 212.5, "retried": true}
{"timestamp": "2026-01-24T01:55:31.241821", "prompt_preview": "Create a printable black-and-white colouring page for children featuring: COLORING PAGE - PIRATE SCE", "attempt": 1, "success": true, "brightness": 222.2, "retried": false}
{"timestamp": "2026-01-24T01:57:57.441962", "prompt_preview": "Create a printable black-and-white colouring page for children featuring: COLORING PAGE - PIRATE SCE", "attempt": 1, "success": false, "brightness": 139.2, "retried": false}
{"timestamp": "2026-01-24T01:58:14.178867", "prompt_preview": "Create a printable black-and-white colouring page for children featuring: COLORING PAGE - PIRATE SCE", "attempt": 2, "success": false, "brightness": 149.2, "retried": true}
{"timestamp": "2026-01-24T01:58:30.249503", "prompt_preview": "Create a printable black-and-white colouring page for children featuring: COLORING PAGE - PIRATE SCE", "attempt": 3, "success": false, "brightness": 131.7, "retried": true}
{"timestamp": "2026-01-24T01:58:47.907115", "prompt_preview": "Create a printable black-and-white colouring page for children featuring: COLORING PAGE - PIRATE SCE", "attempt": 1, "success": false, "brightness": 155.0, "retried": false}
{"timestamp": "2026-01-24T01:59:05.755106", "prompt_preview": "Create a printable black-and-white colouring page for children featuring: COLORING PAGE - PIRATE SCE", "attempt": 2, "success": false, "brightness": 137.4, "retried": true}
{"timestamp": "2026-01-24T01:59:22.500511", "prompt_preview": "Create a printable black-and-white colouring page for children featuring: COLORING PAGE - PIRATE SCE", "attempt": 3, "success": false, "brightness": 134.3, "retried": true}
{"timestamp": "2026-01-24T01:59:37.978635", "prompt_preview": "Create a printable black-and-white colouring page for children featuring: COLORING PAGE - PIRATE SCE", "attempt": 1, "success": false, "brightness": 143.7, "retried": false}
{"timestamp": "2026-01-24T02:00:12.539457", "prompt_preview": "Create a printable black-and-white colouring page for children featuring: COLORING PAGE - PIRATE SCE", "attempt": 2, "success": false, "brightness": 131.6, "retried": true}
{"timestamp": "2026-01-24T02:00:34.075076", "prompt_preview": "Create a printable black-and-white colouring page for children featuring: COLORING PAGE - PIRATE SCE", "attempt": 3, "success": false, "brightness": 164.1, "retried": true}
{"timestamp": "2026-01-24T02:03:36.659130", "prompt_preview": "Create a printable black-and-white colouring page for children featuring: COLORING PAGE - ONE BIG VE", "attempt": 1, "success": true, "brightness": 235.8, "retried": false}
{"timestamp": "2026-01-24T13:03:21.671356", "prompt_preview": "Create a printable black-and-white colouring page for children featuring: dinosaurs  STYLE: Classic ", "attempt": 1, "success": true, "brightness": 226.6, "retried": false}
{"timestamp": "2026-01-24T13:03:35.117866", "prompt_preview": "Create a printable black-and-white colouring page for children featuring: pirates  STYLE: Classic ch", "attempt": 1, "success": true, "brightness": 217.5, "retried": false}
{"timestamp": "2026-01-24T13:03:47.518806", "prompt_preview": "Create a printable black-and-white colouring page for children featuring: fairies  STYLE: Classic ch", "attempt": 1, "success": true, "brightness": 230.6, "retried": false}
{"timestamp": "2026-01-24T13:03:59.359036", "prompt_preview": "Create a printable black-and-white colouring page for children featuring: space  STYLE: Classic chil", "attempt": 1, "success": true, "brightness": 230.7, "retried": false}
{"timestamp": "2026-01-24T13:06:58.823436", "prompt_preview": "Create a printable black-and-white colouring page for children featuring: dinosaurs  STYLE: Classic ", "attempt": 1, "success": true, "brightness": 227.9, "retried": false}
{"timestamp": "2026-01-24T13:07:12.729602", "prompt_preview": "Create a printable black-and-white colouring page for children featuring: pirates  STYLE: Classic ch", "attempt": 1, "success": true, "brightness": 218.9, "retried": false}
{"timestamp": "2026-01-24T13:07:25.344690", "prompt_preview": "Create a printable black-and-white colouring page for children featuring: fairies  STYLE: Classic ch", "attempt": 1, "success": true, "brightness": 229.9, "retried": false}
{"timestamp": "2026-01-24T13:07:36.854022", "prompt_preview": "Create a printable black-and-white colouring page for children featuring: space  STYLE: Classic chil", "attempt": 1, "success": true, "brightness": 229.4, "retried": false}
{"timestamp": "2026-01-24T13:07:50.533506", "prompt_preview": "Create a printable black-and-white colouring page for children featuring: underwater  STYLE: Classic", "attempt": 1, "success": true, "brightness": 225.3, "retried": false}
{"timestamp": "2026-01-24T13:08:04.687439", "prompt_preview": "Create a printable black-and-white colouring page for children featuring: unicorns  STYLE: Classic c", "attempt": 1, "success": true, "brightness": 233.6, "retried": false}
{"timestamp": "2026-01-24T13:08:16.059439", "prompt_preview": "Create a printable black-and-white colouring page for children featuring: superheroes  STYLE: Classi", "attempt": 1, "success": true, "brightness": 228.3, "retried": false}
{"timestamp": "2026-01-24T13:08:29.869835", "prompt_preview": "Create a printable black-and-white colouring page for children featuring: safari  STYLE: Classic chi", "attempt": 1, "success": true, "brightness": 222.6, "retried": false}
{"timestamp": "2026-01-24T13:08:43.391481", "prompt_preview": "Create a printable black-and-white colouring page for children featuring: castle  STYLE: Classic chi", "attempt": 1, "success": true, "brightness": 231.1, "retried": false}
{"timestamp": "2026-01-24T13:09:03.683878", "prompt_preview": "Create a printable black-and-white colouring page for children featuring: christmas  STYLE: Classic ", "attempt": 1, "success": true, "brightness": 221.9, "retried": false}
{"timestamp": "2026-01-24T13:09:17.425332", "prompt_preview": "Create a printable black-and-white colouring page for children featuring: fantasy  STYLE: Classic ch", "attempt": 1, "success": true, "brightness": 231.2, "retried": false}
{"timestamp": "2026-01-24T13:09:31.571020", "prompt_preview": "Create a printable black-and-white colouring page for children featuring: knights_dragons  STYLE: Cl", "attempt": 1, "success": true, "brightness": 224.3, "retried": false}
{"timestamp": "2026-01-24T13:09:44.404505", "prompt_preview": "Create a printable black-and-white colouring page for children featuring: explorers  STYLE: Classic ", "attempt": 1, "success": true, "brightness": 222.7, "retried": false}
{"timestamp": "2026-01-24T13:09:57.174602", "prompt_preview": "Create a printable black-and-white colouring page for children featuring: farm  STYLE: Classic child", "attempt": 1, "success": true, "brightness": 226.2, "retried": false}
{"timestamp": "2026-01-24T13:10:13.076352", "prompt_preview": "Create a printable black-and-white colouring page for children featuring: zoo  STYLE: Classic childr", "attempt": 1, "success": true, "brightness": 215.4, "retried": false}
{"timestamp": "2026-01-24T13:10:31.956645", "prompt_preview": "Create a printable black-and-white colouring page for children featuring: nature  STYLE: Classic chi", "attempt": 1, "success": true, "brightness": 223.3, "retried": false}
{"timestamp": "2026-01-24T13:10:48.589553", "prompt_preview": "Create a printable black-and-white colouring page for children featuring: trucks_diggers  STYLE: Cla", "attempt": 1, "success": true, "brightness": 219.5, "retried": false}
{"timestamp": "2026-01-24T13:11:02.659715", "prompt_preview": "Create a printable black-and-white colouring page for children featuring: cars_racing  STYLE: Classi", "attempt": 1, "success": true, "brightness": 219.7, "retried": false}
{"timestamp": "2026-01-24T13:11:15.083937", "prompt_preview": "Create a printable black-and-white colouring page for children featuring: planes  STYLE: Classic chi", "attempt": 1, "success": true, "brightness": 231.3, "retried": false}
{"timestamp": "2026-01-24T13:11:28.411491", "prompt_preview": "Create a printable black-and-white colouring page for children featuring: construction  STYLE: Class", "attempt": 1, "success": true, "brightness": 224.3, "retried": false}
{"timestamp": "2026-01-24T13:11:44.612103", "prompt_preview": "Create a printable black-and-white colouring page for children featuring: mermaids  STYLE: Classic c", "attempt": 1, "success": true, "brightness": 222.1, "retried": false}
{"timestamp": "2026-01-24T13:11:58.278336", "prompt_preview": "Create a printable black-and-white colouring page for children featuring: princesses  STYLE: Classic", "attempt": 1, "success": true, "brightness": 219.0, "retried": false}
{"timestamp": "2026-01-24T13:12:10.928019", "prompt_preview": "Create a printable black-and-white colouring page for children featuring: ballerina  STYLE: Classic ", "attempt": 1, "success": true, "brightness": 233.4, "retried": false}
{"timestamp": "2026-01-24T13:12:31.640814", "prompt_preview": "Create a printable black-and-white colouring page for children featuring: trains  STYLE: Classic chi", "attempt": 1, "success": true, "brightness": 222.2, "retried": false}
{"timestamp": "2026-01-24T13:12:45.961489", "prompt_preview": "Create a printable black-and-white colouring page for children featuring: cowboys  STYLE: Classic ch", "attempt": 1, "success": true, "brightness": 222.9, "retried": false}
{"timestamp": "2026-01-24T13:12:58.814279", "prompt_preview": "Create a printable black-and-white colouring page for children featuring: circus  STYLE: Classic chi", "attempt": 1, "success": true, "brightness": 227.8, "retried": false}
{"timestamp": "2026-01-24T13:13:11.950234", "prompt_preview": "Create a children's colouring book page.  \u26a0\ufe0f ABSOLUTE REQUIREMENT - 100% BLACK AND WHITE: - ONLY bla", "attempt": 1, "success": true, "brightness": 224.9, "retried": false}
{"timestamp": "2026-01-24T13:19:08.655947", "prompt_preview": "Create a printable black-and-white colouring page for children featuring: animal_cow  STYLE: Classic", "attempt": 1, "success": true, "brightness": 232.3, "retried": false}
{"timestamp": "2026-01-24T13:19:21.140756", "prompt_preview": "Create a printable black-and-white colouring page for children featuring: animal_pig  STYLE: Classic", "attempt": 1, "success": true, "brightness": 232.6, "retried": false}
{"timestamp": "2026-01-24T13:19:33.304027", "prompt_preview": "Create a printable black-and-white colouring page for children featuring: animal_horse  STYLE: Class", "attempt": 1, "success": true, "brightness": 230.9, "retried": false}
{"timestamp": "2026-01-24T13:19:46.334864", "prompt_preview": "Create a printable black-and-white colouring page for children featuring: animal_sheep  STYLE: Class", "attempt": 1, "success": true, "brightness": 231.4, "retried": false}
{"timestamp": "2026-01-24T13:19:58.488319", "prompt_preview": "Create a printable black-and-white colouring page for children featuring: animal_chicken  STYLE: Cla", "attempt": 1, "success": true, "brightness": 230.3, "retried": false}
{"timestamp": "2026-01-24T13:20:11.157091", "prompt_preview": "Create a printable black-and-white colouring page for children featuring: animal_lion  STYLE: Classi", "attempt": 1, "success": true, "brightness": 228.8, "retried": false}
{"timestamp": "2026-01-24T13:20:23.045710", "prompt_preview": "Create a printable black-and-white colouring page for children featuring: animal_elephant  STYLE: Cl", "attempt": 1, "success": true, "brightness": 229.9, "retried": false}
{"timestamp": "2026-01-24T13:20:38.448078", "prompt_preview": "Create a printable black-and-white colouring page for children featuring: animal_giraffe  STYLE: Cla", "attempt": 1, "success": true, "brightness": 232.0, "retried": false}
{"timestamp": "2026-01-24T13:20:50.536765", "prompt_preview": "Create a printable black-and-white colouring page for children featuring: animal_zebra  STYLE: Class", "attempt": 1, "success": true, "brightness": 223.6, "retried": false}
{"timestamp": "2026-01-24T13:21:04.027089", "prompt_preview": "Create a printable black-and-white colouring page for children featuring: animal_monkey  STYLE: Clas", "attempt": 1, "success": true, "brightness": 226.4, "retried": false}
{"timestamp": "2026-01-24T13:21:18.304119", "prompt_preview": "Create a printable black-and-white colouring page for children featuring: animal_dolphin  STYLE: Cla", "attempt": 1, "success": true, "brightness": 226.3, "retried": false}
{"timestamp": "2026-01-24T13:21:30.623544", "prompt_preview": "Create a printable black-and-white colouring page for children featuring: animal_whale  STYLE: Class", "attempt": 1, "success": true, "brightness": 232.6, "retried": false}
{"timestamp": "2026-01-24T13:21:43.481011", "prompt_preview": "Create a printable black-and-white colouring page for children featuring: animal_shark  STYLE: Class", "attempt": 1, "success": true, "brightness": 228.7, "retried": false}
{"timestamp": "2026-01-24T13:21:58.025672", "prompt_preview": "Create a printable black-and-white colouring page for children featuring: animal_octopus  STYLE: Cla", "attempt": 1, "success": true, "brightness": 226.9, "retried": false}
{"timestamp": "2026-01-24T13:22:10.044889", "prompt_preview": "Create a printable black-and-white colouring page for children featuring: animal_turtle  STYLE: Clas", "attempt": 1, "success": true, "brightness": 233.3, "retried": false}
{"timestamp": "2026-01-24T13:22:25.307872", "prompt_preview": "Create a printable black-and-white colouring page for children featuring: animal_butterfly  STYLE: C", "attempt": 1, "success": true, "brightness": 229.1, "retried": false}
{"timestamp": "2026-01-24T13:22:38.851033", "prompt_preview": "Create a printable black-and-white colouring page for children featuring: animal_bee  STYLE: Classic", "attempt": 1, "success": true, "brightness": 227.0, "retried": false}
{"timestamp": "2026-01-24T13:22:51.479390", "prompt_preview": "Create a printable black-and-white colouring page for children featuring: animal_ladybug  STYLE: Cla", "attempt": 1, "success": true, "brightness": 225.0, "retried": false}
{"timestamp": "2026-01-24T13:23:04.982749", "prompt_preview": "Create a printable black-and-white colouring page for children featuring: animal_caterpillar  STYLE:", "attempt": 1, "success": true, "brightness": 233.7, "retried": false}
{"timestamp": "2026-01-24T13:23:16.616970", "prompt_preview": "Create a printable black-and-white colouring page for children featuring: animal_snail  STYLE: Class", "attempt": 1, "success": true, "brightness": 236.2, "retried": false}
{"timestamp": "2026-01-24T13:23:29.972102", "prompt_preview": "Create a printable black-and-white colouring page for children featuring: animal_trex  STYLE: Classi", "attempt": 1, "success": true, "brightness": 228.0, "retried": false}
{"timestamp": "2026-01-24T13:23:41.885510", "prompt_preview": "Create a printable black-and-white colouring page for children featuring: animal_triceratops  STYLE:", "attempt": 1, "success": true, "brightness": 234.1, "retried": false}
{"timestamp": "2026-01-24T13:23:53.930615", "prompt_preview": "Create a printable black-and-white colouring page for children featuring: animal_brachiosaurus  STYL", "attempt": 1, "success": true, "brightness": 233.5, "retried": false}
{"timestamp": "2026-01-24T13:24:05.304560", "prompt_preview": "Create a printable black-and-white colouring page for children featuring: animal_stegosaurus  STYLE:", "attempt": 1, "success": true, "brightness": 236.8, "retried": false}
{"timestamp": "2026-01-24T13:24:19.282843", "prompt_preview": "Create a printable black-and-white colouring page for children featuring: animal_pterodactyl  STYLE:", "attempt": 1, "success": true, "brightness": 230.2, "retried": false}
{"timestamp": "2026-01-24T13:28:05.199906", "prompt_preview": "Create a children's colouring book page.  \u26a0\ufe0f ABSOLUTE REQUIREMENT - 100% BLACK AND WHITE: - ONLY bla", "attempt": 1, "success": true, "brightness": 231.1, "retried": false}
{"timestamp": "2026-01-24T13:29:25.735077", "prompt_preview": "Create a children's colouring book page.  \u26a0\ufe0f ABSOLUTE REQUIREMENT - 100% BLACK AND WHITE: - ONLY bla", "attempt": 1, "success": true, "brightness": 229.8, "retried": false}
{"timestamp": "2026-01-24T13:29:40.094913", "prompt_preview": "Create a children's colouring book page.  \u26a0\ufe0f ABSOLUTE REQUIREMENT - 100% BLACK AND WHITE: - ONLY bla", "attempt": 1, "success": false, "brightness": 150.0, "retried": false}
{"timestamp": "2026-01-24T13:29:55.251426", "prompt_preview": "Create a children's colouring book page.  \u26a0\ufe0f ABSOLUTE REQUIREMENT - 100% BLACK AND WHITE: - ONLY bla", "attempt": 2, "success": false, "brightness": 135.1, "retried": true}
{"timestamp": "2026-01-24T13:30:09.845727", "prompt_preview": "Create a children's colouring book page.  \u26a0\ufe0f ABSOLUTE REQUIREMENT - 100% BLACK AND WHITE: - ONLY bla", "attempt": 3, "success": false, "brightness": 125.4, "retried": true}
{"timestamp": "2026-01-24T13:30:21.043270", "prompt_preview": "Create a children's colouring book page.  \u26a0\ufe0f ABSOLUTE REQUIREMENT - 100% BLACK AND WHITE: - ONLY bla", "attempt": 1, "success": true, "brightness": 224.7, "retried": false}
{"timestamp": "2026-01-24T13:30:31.853816", "prompt_preview": "Create a children's colouring book page.  \u26a0\ufe0f ABSOLUTE REQUIREMENT - 100% BLACK AND WHITE: - ONLY bla", "attempt": 1, "success": true, "brightness": 238.6, "retried": false}
{"timestamp": "2026-01-24T13:30:43.489294", "prompt_preview": "Create a children's colouring book page.  \u26a0\ufe0f ABSOLUTE REQUIREMENT - 100% BLACK AND WHITE: - ONLY bla", "attempt": 1, "success": true, "brightness": 227.9, "retried": false}
{"timestamp": "2026-01-24T13:30:59.620382", "prompt_preview": "Create a children's colouring book page.  \u26a0\ufe0f ABSOLUTE REQUIREMENT - 100% BLACK AND WHITE: - ONLY bla", "attempt": 1, "success": false, "brightness": 137.4, "retried": false}
{"timestamp": "2026-01-24T13:31:10.819648", "prompt_preview": "Create a children's colouring book page.  \u26a0\ufe0f ABSOLUTE REQUIREMENT - 100% BLACK AND WHITE: - ONLY bla", "attempt": 2, "success": true, "brightness": 232.2, "retried": true}
{"timestamp": "2026-01-24T13:31:22.435611", "prompt_preview": "Create a children's colouring book page.  \u26a0\ufe0f ABSOLUTE REQUIREMENT - 100% BLACK AND WHITE: - ONLY bla", "attempt": 1, "success": true, "brightness": 235.9, "retried": false}
{"timestamp": "2026-01-24T13:31:33.234076", "prompt_preview": "Create a children's colouring book page.  \u26a0\ufe0f ABSOLUTE REQUIREMENT - 100% BLACK AND WHITE: - ONLY bla", "attempt": 1, "success": true, "brightness": 231.7, "retried": false}
{"timestamp": "2026-01-24T13:31:44.194624", "prompt_preview": "Create a children's colouring book page.  \u26a0\ufe0f ABSOLUTE REQUIREMENT - 100% BLACK AND WHITE: - ONLY bla", "attempt": 1, "success": true, "brightness": 225.4, "retried": false}
{"timestamp": "2026-01-24T13:31:57.785614", "prompt_preview": "Create a children's colouring book page.  \u26a0\ufe0f ABSOLUTE REQUIREMENT - 100% BLACK AND WHITE: - ONLY bla", "attempt": 1, "success": false, "brightness": 139.9, "retried": false}
{"timestamp": "2026-01-24T13:32:08.521661", "prompt_preview": "Create a children's colouring book page.  \u26a0\ufe0f ABSOLUTE REQUIREMENT - 100% BLACK AND WHITE: - ONLY bla", "attempt": 2, "success": true, "brightness": 231.4, "retried": true}
{"timestamp": "2026-01-24T13:32:20.675449", "prompt_preview": "Create a children's colouring book page.  \u26a0\ufe0f ABSOLUTE REQUIREMENT - 100% BLACK AND WHITE: - ONLY bla", "attempt": 1, "success": true, "brightness": 236.0, "retried": false}
{"timestamp": "2026-01-24T13:32:31.607657", "prompt_preview": "Create a children's colouring book page.  \u26a0\ufe0f ABSOLUTE REQUIREMENT - 100% BLACK AND WHITE: - ONLY bla", "attempt": 1, "success": true, "brightness": 234.5, "retried": false}
{"timestamp": "2026-01-24T13:32:43.734330", "prompt_preview": "Create a children's colouring book page.  \u26a0\ufe0f ABSOLUTE REQUIREMENT - 100% BLACK AND WHITE: - ONLY bla", "attempt": 1, "success": true, "brightness": 233.2, "retried": false}
{"timestamp": "2026-01-24T13:32:54.039881", "prompt_preview": "Create a children's colouring book page.  \u26a0\ufe0f ABSOLUTE REQUIREMENT - 100% BLACK AND WHITE: - ONLY bla", "attempt": 1, "success": true, "brightness": 231.6, "retried": false}
{"timestamp": "2026-01-24T13:33:09.260283", "prompt_preview": "Create a children's colouring book page.  \u26a0\ufe0f ABSOLUTE REQUIREMENT - 100% BLACK AND WHITE: - ONLY bla", "attempt": 1, "success": false, "brightness": 101.4, "retried": false}
{"timestamp": "2026-01-24T13:33:19.656747", "prompt_preview": "Create a children's colouring book page.  \u26a0\ufe0f ABSOLUTE REQUIREMENT - 100% BLACK AND WHITE: - ONLY bla", "attempt": 2, "success": true, "brightness": 230.0, "retried": true}
{"timestamp": "2026-01-24T13:33:29.482018", "prompt_preview": "Create a children's colouring book page.  \u26a0\ufe0f ABSOLUTE REQUIREMENT - 100% BLACK AND WHITE: - ONLY bla", "attempt": 1, "success": true, "brightness": 230.0, "retried": false}
{"timestamp": "2026-01-24T13:33:42.696807", "prompt_preview": "Create a children's colouring book page.  \u26a0\ufe0f ABSOLUTE REQUIREMENT - 100% BLACK AND WHITE: - ONLY bla", "attempt": 1, "success": true, "brightness": 221.8, "retried": false}
{"timestamp": "2026-01-24T13:33:54.239013", "prompt_preview": "Create a children's colouring book page.  \u26a0\ufe0f ABSOLUTE REQUIREMENT - 100% BLACK AND WHITE: - ONLY bla", "attempt": 1, "success": true, "brightness": 229.2, "retried": false}
{"timestamp": "2026-01-24T13:34:06.544286", "prompt_preview": "Create a children's colouring book page.  \u26a0\ufe0f ABSOLUTE REQUIREMENT - 100% BLACK AND WHITE: - ONLY bla", "attempt": 1, "success": true, "brightness": 229.8, "retried": false}
{"timestamp": "2026-01-24T13:34:19.797808", "prompt_preview": "Create a children's colouring book page.  \u26a0\ufe0f ABSOLUTE REQUIREMENT - 100% BLACK AND WHITE: - ONLY bla", "attempt": 1, "success": true, "brightness": 233.2, "retried": false}
{"timestamp": "2026-01-24T13:34:34.018526", "prompt_preview": "Create a children's colouring book page.  \u26a0\ufe0f ABSOLUTE REQUIREMENT - 100% BLACK AND WHITE: - ONLY bla", "attempt": 1, "success": false, "brightness": 128.4, "retried": false}
{"timestamp": "2026-01-24T13:34:46.825470", "prompt_preview": "Create a children's colouring book page.  \u26a0\ufe0f ABSOLUTE REQUIREMENT - 100% BLACK AND WHITE: - ONLY bla", "attempt": 2, "success": true, "brightness": 222.5, "retried": true}
{"timestamp": "2026-01-24T13:35:04.346990", "prompt_preview": "Create a children's colouring book page.  \u26a0\ufe0f ABSOLUTE REQUIREMENT - 100% BLACK AND WHITE: - ONLY bla", "attempt": 1, "success": true, "brightness": 232.3, "retried": false}
{"timestamp": "2026-01-24T13:35:18.707156", "prompt_preview": "Create a children's colouring book page.  \u26a0\ufe0f ABSOLUTE REQUIREMENT - 100% BLACK AND WHITE: - ONLY bla", "attempt": 1, "success": false, "brightness": 83.9, "retried": false}
{"timestamp": "2026-01-24T13:35:30.778319", "prompt_preview": "Create a children's colouring book page.  \u26a0\ufe0f ABSOLUTE REQUIREMENT - 100% BLACK AND WHITE: - ONLY bla", "attempt": 2, "success": true, "brightness": 228.1, "retried": true}
{"timestamp": "2026-01-24T13:35:41.308614", "prompt_preview": "Create a children's colouring book page.  \u26a0\ufe0f ABSOLUTE REQUIREMENT - 100% BLACK AND WHITE: - ONLY bla", "attempt": 1, "success": true, "brightness": 230.9, "retried": false}
{"timestamp": "2026-01-24T13:35:52.845413", "prompt_preview": "Create a children's colouring book page.  \u26a0\ufe0f ABSOLUTE REQUIREMENT - 100% BLACK AND WHITE: - ONLY bla", "attempt": 1, "success": true, "brightness": 236.3, "retried": false}
{"timestamp": "2026-01-24T13:44:45.113789", "prompt_preview": "Create a children's colouring book page.  \u26a0\ufe0f ABSOLUTE REQUIREMENT - 100% BLACK AND WHITE: - ONLY bla", "attempt": 1, "success": false, "brightness": 141.3, "retried": false}
{"timestamp": "2026-01-24T13:44:56.570404", "prompt_preview": "Create a children's colouring book page.  \u26a0\ufe0f ABSOLUTE REQUIREMENT - 100% BLACK AND WHITE: - ONLY bla", "attempt": 2, "success": true, "brightness": 234.1, "retried": true}
{"timestamp": "2026-01-24T13:46:27.319852", "prompt_preview": "Create a children's colouring book page.  \u26a0\ufe0f ABSOLUTE REQUIREMENT - 100% BLACK AND WHITE: - ONLY bla", "attempt": 1, "success": true, "brightness": 239.8, "retried": false}
{"timestamp": "2026-01-24T13:46:38.874402", "prompt_preview": "Create a children's colouring book page.  \u26a0\ufe0f ABSOLUTE REQUIREMENT - 100% BLACK AND WHITE: - ONLY bla", "attempt": 1, "success": true, "brightness": 236.4, "retried": false}
{"timestamp": "2026-01-24T13:46:49.334516", "prompt_preview": "Create a children's colouring book page.  \u26a0\ufe0f ABSOLUTE REQUIREMENT - 100% BLACK AND WHITE: - ONLY bla", "attempt": 1, "success": true, "brightness": 231.3, "retried": false}
{"timestamp": "2026-01-24T13:46:59.651728", "prompt_preview": "Create a children's colouring book page.  \u26a0\ufe0f ABSOLUTE REQUIREMENT - 100% BLACK AND WHITE: - ONLY bla", "attempt": 1, "success": true, "brightness": 231.5, "retried": false}
{"timestamp": "2026-01-24T13:47:10.350049", "prompt_preview": "Create a children's colouring book page.  \u26a0\ufe0f ABSOLUTE REQUIREMENT - 100% BLACK AND WHITE: - ONLY bla", "attempt": 1, "success": true, "brightness": 236.9, "retried": false}
{"timestamp": "2026-01-24T13:47:24.096683", "prompt_preview": "Create a children's colouring book page.  \u26a0\ufe0f ABSOLUTE REQUIREMENT - 100% BLACK AND WHITE: - ONLY bla", "attempt": 1, "success": true, "brightness": 227.0, "retried": false}
{"timestamp": "2026-01-24T13:47:35.312806", "prompt_preview": "Create a children's colouring book page.  \u26a0\ufe0f ABSOLUTE REQUIREMENT - 100% BLACK AND WHITE: - ONLY bla", "attempt": 1, "success": true, "brightness": 224.5, "retried": false}
{"timestamp": "2026-01-24T13:47:51.372039", "prompt_preview": "Create a children's colouring book page.  \u26a0\ufe0f ABSOLUTE REQUIREMENT - 100% BLACK AND WHITE: - ONLY bla", "attempt": 1, "success": true, "brightness": 226.3, "retried": false}
{"timestamp": "2026-01-24T13:48:05.898564", "prompt_preview": "Create a children's colouring book page.  \u26a0\ufe0f ABSOLUTE REQUIREMENT - 100% BLACK AND WHITE: - ONLY bla", "attempt": 1, "success": false, "brightness": 64.3, "retried": false}
{"timestamp": "2026-01-24T13:48:21.833840", "prompt_preview": "Create a children's colouring book page.  \u26a0\ufe0f ABSOLUTE REQUIREMENT - 100% BLACK AND WHITE: - ONLY bla", "attempt": 2, "success": false, "brightness": 70.1, "retried": true}
{"timestamp": "2026-01-24T13:48:32.766332", "prompt_preview": "Create a children's colouring book page.  \u26a0\ufe0f ABSOLUTE REQUIREMENT - 100% BLACK AND WHITE: - ONLY bla", "attempt": 3, "success": true, "brightness": 236.9, "retried": true}
{"timestamp": "2026-01-24T13:48:44.663813", "prompt_preview": "Create a children's colouring book page.  \u26a0\ufe0f ABSOLUTE REQUIREMENT - 100% BLACK AND WHITE: - ONLY bla", "attempt": 1, "success": true, "brightness": 236.2, "retried": false}
{"timestamp": "2026-01-24T13:48:56.219950", "prompt_preview": "Create a children's colouring book page.  \u26a0\ufe0f ABSOLUTE REQUIREMENT - 100% BLACK AND WHITE: - ONLY bla", "attempt": 1, "success": true, "brightness": 236.0, "retried": false}
{"timestamp": "2026-01-24T13:49:06.360892", "prompt_preview": "Create a children's colouring book page.  \u26a0\ufe0f ABSOLUTE REQUIREMENT - 100% BLACK AND WHITE: - ONLY bla", "attempt": 1, "success": true, "brightness": 233.5, "retried": false}
{"timestamp": "2026-01-24T13:49:18.350050", "prompt_preview": "Create a children's colouring book page.  \u26a0\ufe0f ABSOLUTE REQUIREMENT - 100% BLACK AND WHITE: - ONLY bla", "attempt": 1, "success": true, "brightness": 234.3, "retried": false}
{"timestamp": "2026-01-24T13:49:32.522501", "prompt_preview": "Create a children's colouring book page.  \u26a0\ufe0f ABSOLUTE REQUIREMENT - 100% BLACK AND WHITE: - ONLY bla", "attempt": 1, "success": true, "brightness": 226.7, "retried": false}
{"timestamp": "2026-01-24T13:49:43.680645", "prompt_preview": "Create a children's colouring book page.  \u26a0\ufe0f ABSOLUTE REQUIREMENT - 100% BLACK AND WHITE: - ONLY bla", "attempt": 1, "success": true, "brightness": 232.9, "retried": false}
{"timestamp": "2026-01-24T13:51:37.721855", "prompt_preview": "Create a children's colouring book page.  \u26a0\ufe0f ABSOLUTE REQUIREMENT - 100% BLACK AND WHITE: - ONLY bla", "attempt": 1, "success": true, "brightness": 240.6, "retried": false}
{"timestamp": "2026-01-24T13:51:52.036062", "prompt_preview": "Create a children's colouring book page.  \u26a0\ufe0f ABSOLUTE REQUIREMENT - 100% BLACK AND WHITE: - ONLY bla", "attempt": 1, "success": true, "brightness": 235.6, "retried": false}
{"timestamp": "2026-01-24T13:52:02.287403", "prompt_preview": "Create a children's colouring book page.  \u26a0\ufe0f ABSOLUTE REQUIREMENT - 100% BLACK AND WHITE: - ONLY bla", "attempt": 1, "success": true, "brightness": 238.6, "retried": false}
{"timestamp": "2026-01-24T13:52:14.598747", "prompt_preview": "Create a children's colouring book page.  \u26a0\ufe0f ABSOLUTE REQUIREMENT - 100% BLACK AND WHITE: - ONLY bla", "attempt": 1, "success": true, "brightness": 225.8, "retried": false}
{"timestamp": "2026-01-24T13:52:25.995210", "prompt_preview": "Create a children's colouring book page.  \u26a0\ufe0f ABSOLUTE REQUIREMENT - 100% BLACK AND WHITE: - ONLY bla", "attempt": 1, "success": true, "brightness": 232.2, "retried": false}
{"timestamp": "2026-01-24T13:52:36.207988", "prompt_preview": "Create a children's colouring book page.  \u26a0\ufe0f ABSOLUTE REQUIREMENT - 100% BLACK AND WHITE: - ONLY bla", "attempt": 1, "success": true, "brightness": 235.4, "retried": false}
{"timestamp": "2026-01-24T13:52:49.408921", "prompt_preview": "Create a children's colouring book page.  \u26a0\ufe0f ABSOLUTE REQUIREMENT - 100% BLACK AND WHITE: - ONLY bla", "attempt": 1, "success": true, "brightness": 232.1, "retried": false}
{"timestamp": "2026-01-24T13:53:02.425367", "prompt_preview": "Create a children's colouring book page.  \u26a0\ufe0f ABSOLUTE REQUIREMENT - 100% BLACK AND WHITE: - ONLY bla", "attempt": 1, "success": true, "brightness": 233.4, "retried": false}
{"timestamp": "2026-01-24T13:53:17.124511", "prompt_preview": "Create a children's colouring book page.  \u26a0\ufe0f ABSOLUTE REQUIREMENT - 100% BLACK AND WHITE: - ONLY bla", "attempt": 1, "success": false, "brightness": 97.6, "retried": false}
{"timestamp": "2026-01-24T13:53:31.128378", "prompt_preview": "Create a children's colouring book page.  \u26a0\ufe0f ABSOLUTE REQUIREMENT - 100% BLACK AND WHITE: - ONLY bla", "attempt": 2, "success": true, "brightness": 232.3, "retried": true}
{"timestamp": "2026-01-24T13:53:43.017221", "prompt_preview": "Create a children's colouring book page.  \u26a0\ufe0f ABSOLUTE REQUIREMENT - 100% BLACK AND WHITE: - ONLY bla", "attempt": 1, "success": true, "brightness": 230.3, "retried": false}
{"timestamp": "2026-01-24T13:53:56.901118", "prompt_preview": "Create a children's colouring book page.  \u26a0\ufe0f ABSOLUTE REQUIREMENT - 100% BLACK AND WHITE: - ONLY bla", "attempt": 1, "success": false, "brightness": 102.2, "retried": false}
{"timestamp": "2026-01-24T13:54:09.930843", "prompt_preview": "Create a children's colouring book page.  \u26a0\ufe0f ABSOLUTE REQUIREMENT - 100% BLACK AND WHITE: - ONLY bla", "attempt": 2, "success": true, "brightness": 233.0, "retried": true}
{"timestamp": "2026-01-24T13:54:22.184600", "prompt_preview": "Create a children's colouring book page.  \u26a0\ufe0f ABSOLUTE REQUIREMENT - 100% BLACK AND WHITE: - ONLY bla", "attempt": 1, "success": true, "brightness": 233.4, "retried": false}
{"timestamp": "2026-01-24T13:54:33.798832", "prompt_preview": "Create a children's colouring book page.  \u26a0\ufe0f ABSOLUTE REQUIREMENT - 100% BLACK AND WHITE: - ONLY bla", "attempt": 1, "success": true, "brightness": 239.4, "retried": false}
{"timestamp": "2026-01-24T13:54:56.568253", "prompt_preview": "Create a children's colouring book page.  \u26a0\ufe0f ABSOLUTE REQUIREMENT - 100% BLACK AND WHITE: - ONLY bla", "attempt": 1, "success": false, "brightness": 126.6, "retried": false}
{"timestamp": "2026-01-24T13:55:09.000763", "prompt_preview": "Create a children's colouring book page.  \u26a0\ufe0f ABSOLUTE REQUIREMENT - 100% BLACK AND WHITE: - ONLY bla", "attempt": 2, "success": true, "brightness": 233.3, "retried": true}
{"timestamp": "2026-01-24T13:55:19.591282", "prompt_preview": "Create a children's colouring book page.  \u26a0\ufe0f ABSOLUTE REQUIREMENT - 100% BLACK AND WHITE: - ONLY bla", "attempt": 1, "success": true, "brightness": 234.4, "retried": false}
{"timestamp": "2026-01-24T13:58:01.773742", "prompt_preview": "Create a children's colouring book page.  \u26a0\ufe0f ABSOLUTE REQUIREMENT - 100% BLACK AND WHITE: - ONLY bla", "attempt": 1, "success": true, "brightness": 233.1, "retried": false}
{"timestamp": "2026-01-24T13:58:14.136593", "prompt_preview": "Create a children's colouring book page.  \u26a0\ufe0f ABSOLUTE REQUIREMENT - 100% BLACK AND WHITE: - ONLY bla", "attempt": 1, "success": true, "brightness": 233.1, "retried": false}
{"timestamp": "2026-01-24T13:58:25.006372", "prompt_preview": "Create a children's colouring book page.  \u26a0\ufe0f ABSOLUTE REQUIREMENT - 100% BLACK AND WHITE: - ONLY bla", "attempt": 1, "success": true, "brightness": 238.2, "retried": false}
{"timestamp": "2026-01-24T13:58:35.972003", "prompt_preview": "Create a children's colouring book page.  \u26a0\ufe0f ABSOLUTE REQUIREMENT - 100% BLACK AND WHITE: - ONLY bla", "attempt": 1, "success": true, "brightness": 236.6, "retried": false}
{"timestamp": "2026-01-24T13:58:46.902911", "prompt_preview": "Create a children's colouring book page.  \u26a0\ufe0f ABSOLUTE REQUIREMENT - 100% BLACK AND WHITE: - ONLY bla", "attempt": 1, "success": true, "brightness": 238.8, "retried": false}
{"timestamp": "2026-01-24T13:59:00.644051", "prompt_preview": "Create a children's colouring book page.  \u26a0\ufe0f ABSOLUTE REQUIREMENT - 100% BLACK AND WHITE: - ONLY bla", "attempt": 1, "success": false, "brightness": 132.5, "retried": false}
{"timestamp": "2026-01-24T13:59:14.595024", "prompt_preview": "Create a children's colouring book page.  \u26a0\ufe0f ABSOLUTE REQUIREMENT - 100% BLACK AND WHITE: - ONLY bla", "attempt": 2, "success": false, "brightness": 103.0, "retried": true}
{"timestamp": "2026-01-24T13:59:36.299595", "prompt_preview": "Create a children's colouring book page.  \u26a0\ufe0f ABSOLUTE REQUIREMENT - 100% BLACK AND WHITE: - ONLY bla", "attempt": 3, "success": false, "brightness": 104.7, "retried": true}
{"timestamp": "2026-01-24T13:59:48.305189", "prompt_preview": "Create a children's colouring book page.  \u26a0\ufe0f ABSOLUTE REQUIREMENT - 100% BLACK AND WHITE: - ONLY bla", "attempt": 1, "success": true, "brightness": 236.1, "retried": false}
{"timestamp": "2026-01-24T14:00:01.716966", "prompt_preview": "Create a children's colouring book page.  \u26a0\ufe0f ABSOLUTE REQUIREMENT - 100% BLACK AND WHITE: - ONLY bla", "attempt": 1, "success": true, "brightness": 233.1, "retried": false}
{"timestamp": "2026-01-24T14:00:14.569388", "prompt_preview": "Create a children's colouring book page.  \u26a0\ufe0f ABSOLUTE REQUIREMENT - 100% BLACK AND WHITE: - ONLY bla", "attempt": 1, "success": true, "brightness": 230.6, "retried": false}
{"timestamp": "2026-01-24T14:00:26.599528", "prompt_preview": "Create a children's colouring book page.  \u26a0\ufe0f ABSOLUTE REQUIREMENT - 100% BLACK AND WHITE: - ONLY bla", "attempt": 1, "success": true, "brightness": 239.5, "retried": false}
{"timestamp": "2026-01-24T14:00:37.167560", "prompt_preview": "Create a children's colouring book page.  \u26a0\ufe0f ABSOLUTE REQUIREMENT - 100% BLACK AND WHITE: - ONLY bla", "attempt": 1, "success": true, "brightness": 235.9, "retried": false}
{"timestamp": "2026-01-24T14:00:49.873254", "prompt_preview": "Create a children's colouring book page.  \u26a0\ufe0f ABSOLUTE REQUIREMENT - 100% BLACK AND WHITE: - ONLY bla", "attempt": 1, "success": true, "brightness": 235.8, "retried": false}
{"timestamp": "2026-01-24T14:01:06.574786", "prompt_preview": "Create a children's colouring book page.  \u26a0\ufe0f ABSOLUTE REQUIREMENT - 100% BLACK AND WHITE: - ONLY bla", "attempt": 1, "success": false, "brightness": 102.4, "retried": false}
{"timestamp": "2026-01-24T14:01:17.557617", "prompt_preview": "Create a children's colouring book page.  \u26a0\ufe0f ABSOLUTE REQUIREMENT - 100% BLACK AND WHITE: - ONLY bla", "attempt": 2, "success": true, "brightness": 235.3, "retried": true}
{"timestamp": "2026-01-24T14:01:27.279581", "prompt_preview": "Create a children's colouring book page.  \u26a0\ufe0f ABSOLUTE REQUIREMENT - 100% BLACK AND WHITE: - ONLY bla", "attempt": 1, "success": true, "brightness": 235.5, "retried": false}
{"timestamp": "2026-01-24T14:01:43.974020", "prompt_preview": "Create a children's colouring book page.  \u26a0\ufe0f ABSOLUTE REQUIREMENT - 100% BLACK AND WHITE: - ONLY bla", "attempt": 1, "success": false, "brightness": 130.7, "retried": false}
{"timestamp": "2026-01-24T14:01:58.366862", "prompt_preview": "Create a children's colouring book page.  \u26a0\ufe0f ABSOLUTE REQUIREMENT - 100% BLACK AND WHITE: - ONLY bla", "attempt": 2, "success": false, "brightness": 114.3, "retried": true}
{"timestamp": "2026-01-24T14:02:11.863117", "prompt_preview": "Create a children's colouring book page.  \u26a0\ufe0f ABSOLUTE REQUIREMENT - 100% BLACK AND WHITE: - ONLY bla", "attempt": 3, "success": false, "brightness": 90.8, "retried": true}
{"timestamp": "2026-01-24T14:04:51.347060", "prompt_preview": "Create a printable black-and-white colouring page for children featuring: easter_eggs  STYLE: Classi", "attempt": 1, "success": true, "brightness": 231.8, "retried": false}
{"timestamp": "2026-01-24T14:05:00.003654", "prompt_preview": "Create an EXTREMELY SIMPLE toddler colouring page.  CRITICAL: Only draw what is ACTUALLY in the phot", "attempt": 1, "success": true, "brightness": 243.4, "retried": false}
{"timestamp": "2026-01-24T14:05:13.738594", "prompt_preview": "Create a printable black-and-white colouring page for children featuring: easter_eggs  STYLE: Classi", "attempt": 1, "success": true, "brightness": 225.8, "retried": false}
{"timestamp": "2026-01-24T14:05:33.621475", "prompt_preview": "Create a printable black-and-white colouring page for children featuring: easter_eggs  STYLE: Classi", "attempt": 1, "success": true, "brightness": 225.8, "retried": false}
{"timestamp": "2026-01-24T14:05:47.834053", "prompt_preview": "Create a printable black-and-white colouring page for children featuring: easter_eggs  STYLE: Classi", "attempt": 1, "success": true, "brightness": 225.4, "retried": false}
{"timestamp": "2026-01-24T14:06:05.622297", "prompt_preview": "Create a printable black-and-white colouring page for children featuring: easter_eggs  STYLE: Classi", "attempt": 1, "success": true, "brightness": 222.0, "retried": false}
{"timestamp": "2026-01-24T14:06:18.972953", "prompt_preview": "Create a printable black-and-white colouring page for children featuring: easter_eggs  STYLE: Classi", "attempt": 1, "success": true, "brightness": 213.0, "retried": false}
{"timestamp": "2026-01-24T14:06:31.743310", "prompt_preview": "Create a printable black-and-white colouring page for children featuring: easter_eggs  STYLE: Classi", "attempt": 1, "success": true, "brightness": 214.2, "retried": false}
{"timestamp": "2026-01-24T14:06:46.108801", "prompt_preview": "Create a printable black-and-white colouring page for children featuring: easter_eggs  STYLE: Classi", "attempt": 1, "success": true, "brightness": 214.8, "retried": false}
{"timestamp": "2026-01-24T14:10:26.895023", "prompt_preview": "Create a printable black-and-white colouring page for children featuring: pattern_easter_eggs  STYLE", "attempt": 1, "success": true, "brightness": 229.3, "retried": false}
{"timestamp": "2026-01-24T14:16:29.071064", "prompt_preview": "CRITICAL: This image MUST contain ONLY 4 easter eggs and NOTHING else. 4 cartoon easter eggs arrange", "attempt": 1, "success": true, "brightness": 230.5, "retried": false}
{"timestamp": "2026-01-24T14:18:03.511252", "prompt_preview": "CRITICAL: This image MUST contain ONLY 4 easter eggs and NOTHING else. 4 cartoon easter eggs arrange", "attempt": 1, "success": true, "brightness": 234.9, "retried": false}
{"timestamp": "2026-01-24T14:18:54.358689", "prompt_preview": "Create a children's colouring book page.  \u26a0\ufe0f ABSOLUTE REQUIREMENT - 100% BLACK AND WHITE: - ONLY bla", "attempt": 1, "success": true, "brightness": 227.0, "retried": false}
{"timestamp": "2026-01-24T14:25:33.838173", "prompt_preview": "CRITICAL: This image MUST contain ONLY 4 easter eggs and NOTHING else. 4 cartoon easter eggs arrange", "attempt": 1, "success": true, "brightness": 224.7, "retried": false}
{"timestamp": "2026-01-25T16:30:15.499809", "prompt_preview": "Create a printable black-and-white colouring page for children featuring: pattern_easter_eggs  STYLE", "attempt": 1, "success": true, "brightness": 232.5, "retried": false}
{"timestamp": "2026-01-25T16:43:35.902601", "prompt_preview": "CRITICAL: This image MUST contain ONLY 4 easter eggs and NOTHING else. 4 cartoon easter eggs arrange", "attempt": 1, "success": true, "brightness": 234.1, "retried": false}
{"timestamp": "2026-01-25T16:51:08.052331", "prompt_preview": "CRITICAL: This image MUST contain ONLY 1 easter egg and NOTHING else. 1 very large simple cartoon ea", "attempt": 1, "success": true, "brightness": 241.4, "retried": false}
{"timestamp": "2026-01-25T16:51:21.515187", "prompt_preview": "CRITICAL: This image MUST contain ONLY 2 easter eggs and NOTHING else. 2 cartoon easter eggs side by", "attempt": 1, "success": true, "brightness": 237.4, "retried": false}
{"timestamp": "2026-01-25T16:51:33.584867", "prompt_preview": "CRITICAL: This image MUST contain ONLY 4 easter eggs and NOTHING else. 4 cartoon easter eggs arrange", "attempt": 1, "success": true, "brightness": 232.4, "retried": false}
{"timestamp": "2026-01-25T16:51:47.745807", "prompt_preview": "CRITICAL: This image MUST contain ONLY 4 easter eggs and NOTHING else. 4 cartoon easter eggs arrange", "attempt": 1, "success": true, "brightness": 231.4, "retried": false}
{"timestamp": "2026-01-25T16:51:59.218466", "prompt_preview": "CRITICAL: This image MUST contain ONLY 6 easter eggs and NOTHING else. 6 cartoon easter eggs arrange", "attempt": 1, "success": true, "brightness": 234.9, "retried": false}
{"timestamp": "2026-01-25T16:52:12.991943", "prompt_preview": "CRITICAL: This image MUST contain ONLY 6 easter eggs and NOTHING else. 6 cartoon easter eggs arrange", "attempt": 1, "success": true, "brightness": 236.4, "retried": false}
{"timestamp": "2026-01-25T16:52:23.825281", "prompt_preview": "CRITICAL: This image MUST contain ONLY 6 easter eggs and NOTHING else. 6 cartoon easter eggs arrange", "attempt": 1, "success": true, "brightness": 235.7, "retried": false}
{"timestamp": "2026-01-25T16:52:37.927724", "prompt_preview": "CRITICAL: This image MUST contain ONLY 6 easter eggs and NOTHING else. 6 cartoon easter eggs arrange", "attempt": 1, "success": true, "brightness": 237.5, "retried": false}
{"timestamp": "2026-01-25T16:52:49.356222", "prompt_preview": "CRITICAL: This image MUST contain ONLY 6 easter eggs and NOTHING else. 6 cartoon easter eggs arrange", "attempt": 1, "success": true, "brightness": 231.6, "retried": false}
{"timestamp": "2026-01-27T01:16:25.926193", "prompt_preview": "Create a children's colouring book page.  \u26a0\ufe0f ABSOLUTE REQUIREMENT - 100% BLACK AND WHITE: - ONLY bla", "attempt": 1, "success": true, "brightness": 229.3, "retried": false}
{"timestamp": "2026-01-27T01:24:15.724943", "prompt_preview": "Create a children's colouring book page.  \u26a0\ufe0f ABSOLUTE REQUIREMENT - 100% BLACK AND WHITE: - ONLY bla", "attempt": 1, "success": true, "brightness": 233.6, "retried": false}
{"timestamp": "2026-01-27T01:43:05.279084", "prompt_preview": "Create a printable black-and-white colouring page for children featuring: alphabet_a  STYLE: Classic", "attempt": 1, "success": true, "brightness": 234.2, "retried": false}
{"timestamp": "2026-01-27T01:44:11.160762", "prompt_preview": "Create a printable black-and-white colouring page for children featuring: pets  STYLE: Classic child", "attempt": 1, "success": true, "brightness": 227.6, "retried": false}
{"timestamp": "2026-01-27T01:45:00.851727", "prompt_preview": "Create a printable black-and-white colouring page for children featuring: school  STYLE: Classic chi", "attempt": 1, "success": true, "brightness": 226.0, "retried": false}
{"timestamp": "2026-01-27T01:47:48.630949", "prompt_preview": "Create a printable black-and-white colouring page for children featuring: alphabet_a  STYLE: Classic", "attempt": 1, "success": true, "brightness": 228.8, "retried": false}
{"timestamp": "2026-01-27T01:48:20.836964", "prompt_preview": "Create a printable black-and-white colouring page for children featuring: pets  STYLE: Classic child", "attempt": 1, "success": true, "brightness": 219.2, "retried": false}
{"timestamp": "2026-01-27T01:49:10.698977", "prompt_preview": "Create a printable black-and-white colouring page for children featuring: school  STYLE: Classic chi", "attempt": 1, "success": true, "brightness": 226.2, "retried": false}
{"timestamp": "2026-01-27T01:49:44.557678", "prompt_preview": "Create a printable black-and-white colouring page for children featuring: school  STYLE: Classic chi", "attempt": 1, "success": true, "brightness": 223.3, "retried": false}
{"timestamp": "2026-01-27T02:25:40.566894", "prompt_preview": "Create a children's colouring book page.  \u26a0\ufe0f ABSOLUTE REQUIREMENT - 100% BLACK AND WHITE: - ONLY bla", "attempt": 1, "success": true, "brightness": 232.5, "retried": false}
{"timestamp": "2026-01-27T02:28:57.624799", "prompt_preview": "Create a children's colouring book page.  \u26a0\ufe0f ABSOLUTE REQUIREMENT - 100% BLACK AND WHITE: - ONLY bla", "attempt": 1, "success": false, "brightness": 135.4, "retried": false}
{"timestamp": "2026-01-27T02:29:11.142207", "prompt_preview": "Create a children's colouring book page.  \u26a0\ufe0f ABSOLUTE REQUIREMENT - 100% BLACK AND WHITE: - ONLY bla", "attempt": 2, "success": true, "brightness": 231.6, "retried": true}
